<?xml version="1.0" encoding="UTF-8"?>
<!-- Generated by org.testng.reporters.JUnitReportReporter -->
<testsuite hostname="DESKTOP-JH0K3SH" failures="0" tests="2" name="dummy.dummy1" time="28.486" errors="0" timestamp="2023-11-26T13:03:37 IST" skipped="0">
  <testcase classname="dummy.dummy1" name="dummy12" time="14.142"/>
  <system-out/>
  <testcase classname="dummy.dummy1" name="dummy13" time="14.344"/>
  <system-out/>
</testsuite> <!-- dummy.dummy1 -->
