<?xml version="1.0" encoding="UTF-8"?>
<!-- Generated by org.testng.reporters.JUnitReportReporter -->
<testsuite hostname="DESKTOP-JH0K3SH" failures="0" tests="2" name="dummy.dummy1" time="46.863" errors="0" timestamp="2023-11-26T12:44:55 IST" skipped="0">
  <testcase classname="dummy.dummy1" name="dummy12" time="29.814"/>
  <system-out/>
  <testcase classname="dummy.dummy1" name="dummy13" time="17.049"/>
  <system-out/>
</testsuite> <!-- dummy.dummy1 -->
